[2020-12-27 18:03:52,161] INFO [Controller id=0] Processing automatic preferred replica leader election (kafka.controller.KafkaController)
[2020-12-27 18:03:52,174] TRACE [Controller id=0] Checking need to trigger auto leader balancing (kafka.controller.KafkaController)
[2020-12-27 18:03:52,175] DEBUG [Controller id=0] Topics not in preferred replica for broker 0 HashMap() (kafka.controller.KafkaController)
[2020-12-27 18:03:52,175] TRACE [Controller id=0] Leader imbalance ratio for broker 0 is 0.0 (kafka.controller.KafkaController)
[2020-12-27 18:08:52,177] INFO [Controller id=0] Processing automatic preferred replica leader election (kafka.controller.KafkaController)
[2020-12-27 18:08:52,177] TRACE [Controller id=0] Checking need to trigger auto leader balancing (kafka.controller.KafkaController)
[2020-12-27 18:08:52,178] DEBUG [Controller id=0] Topics not in preferred replica for broker 0 HashMap() (kafka.controller.KafkaController)
[2020-12-27 18:08:52,178] TRACE [Controller id=0] Leader imbalance ratio for broker 0 is 0.0 (kafka.controller.KafkaController)
[2020-12-27 18:13:52,178] INFO [Controller id=0] Processing automatic preferred replica leader election (kafka.controller.KafkaController)
[2020-12-27 18:13:52,190] TRACE [Controller id=0] Checking need to trigger auto leader balancing (kafka.controller.KafkaController)
[2020-12-27 18:13:52,191] DEBUG [Controller id=0] Topics not in preferred replica for broker 0 HashMap() (kafka.controller.KafkaController)
[2020-12-27 18:13:52,191] TRACE [Controller id=0] Leader imbalance ratio for broker 0 is 0.0 (kafka.controller.KafkaController)
[2020-12-27 18:18:52,193] INFO [Controller id=0] Processing automatic preferred replica leader election (kafka.controller.KafkaController)
[2020-12-27 18:18:52,193] TRACE [Controller id=0] Checking need to trigger auto leader balancing (kafka.controller.KafkaController)
[2020-12-27 18:18:52,194] DEBUG [Controller id=0] Topics not in preferred replica for broker 0 HashMap() (kafka.controller.KafkaController)
[2020-12-27 18:18:52,194] TRACE [Controller id=0] Leader imbalance ratio for broker 0 is 0.0 (kafka.controller.KafkaController)
[2020-12-27 18:23:52,196] INFO [Controller id=0] Processing automatic preferred replica leader election (kafka.controller.KafkaController)
[2020-12-27 18:23:52,196] TRACE [Controller id=0] Checking need to trigger auto leader balancing (kafka.controller.KafkaController)
[2020-12-27 18:23:52,197] DEBUG [Controller id=0] Topics not in preferred replica for broker 0 HashMap() (kafka.controller.KafkaController)
[2020-12-27 18:23:52,197] TRACE [Controller id=0] Leader imbalance ratio for broker 0 is 0.0 (kafka.controller.KafkaController)
[2020-12-27 18:28:52,196] INFO [Controller id=0] Processing automatic preferred replica leader election (kafka.controller.KafkaController)
[2020-12-27 18:28:52,196] TRACE [Controller id=0] Checking need to trigger auto leader balancing (kafka.controller.KafkaController)
[2020-12-27 18:28:52,197] DEBUG [Controller id=0] Topics not in preferred replica for broker 0 HashMap() (kafka.controller.KafkaController)
[2020-12-27 18:28:52,197] TRACE [Controller id=0] Leader imbalance ratio for broker 0 is 0.0 (kafka.controller.KafkaController)
[2020-12-27 18:29:02,846] INFO [Controller id=0] Shutting down broker 0 (kafka.controller.KafkaController)
[2020-12-27 18:29:02,846] DEBUG [Controller id=0] All shutting down brokers: 0 (kafka.controller.KafkaController)
[2020-12-27 18:29:02,846] DEBUG [Controller id=0] Live brokers:  (kafka.controller.KafkaController)
[2020-12-27 18:29:02,861] TRACE [Controller id=0] All leaders = __consumer_offsets-13 -> (Leader:0,ISR:0,LeaderEpoch:0,ControllerEpoch:2),__consumer_offsets-46 -> (Leader:0,ISR:0,LeaderEpoch:0,ControllerEpoch:2),__consumer_offsets-9 -> (Leader:0,ISR:0,LeaderEpoch:0,ControllerEpoch:2),__consumer_offsets-42 -> (Leader:0,ISR:0,LeaderEpoch:0,ControllerEpoch:2),__consumer_offsets-21 -> (Leader:0,ISR:0,LeaderEpoch:0,ControllerEpoch:2),__consumer_offsets-17 -> (Leader:0,ISR:0,LeaderEpoch:0,ControllerEpoch:2),__consumer_offsets-30 -> (Leader:0,ISR:0,LeaderEpoch:0,ControllerEpoch:2),__consumer_offsets-26 -> (Leader:0,ISR:0,LeaderEpoch:0,ControllerEpoch:2),__consumer_offsets-5 -> (Leader:0,ISR:0,LeaderEpoch:0,ControllerEpoch:2),__consumer_offsets-38 -> (Leader:0,ISR:0,LeaderEpoch:0,ControllerEpoch:2),__consumer_offsets-1 -> (Leader:0,ISR:0,LeaderEpoch:0,ControllerEpoch:2),__consumer_offsets-34 -> (Leader:0,ISR:0,LeaderEpoch:0,ControllerEpoch:2),__consumer_offsets-16 -> (Leader:0,ISR:0,LeaderEpoch:0,ControllerEpoch:2),__consumer_offsets-45 -> (Leader:0,ISR:0,LeaderEpoch:0,ControllerEpoch:2),__consumer_offsets-12 -> (Leader:0,ISR:0,LeaderEpoch:0,ControllerEpoch:2),__consumer_offsets-41 -> (Leader:0,ISR:0,LeaderEpoch:0,ControllerEpoch:2),__consumer_offsets-24 -> (Leader:0,ISR:0,LeaderEpoch:0,ControllerEpoch:2),__consumer_offsets-20 -> (Leader:0,ISR:0,LeaderEpoch:0,ControllerEpoch:2),__consumer_offsets-49 -> (Leader:0,ISR:0,LeaderEpoch:0,ControllerEpoch:2),__consumer_offsets-0 -> (Leader:0,ISR:0,LeaderEpoch:0,ControllerEpoch:2),__consumer_offsets-29 -> (Leader:0,ISR:0,LeaderEpoch:0,ControllerEpoch:2),__consumer_offsets-25 -> (Leader:0,ISR:0,LeaderEpoch:0,ControllerEpoch:2),__consumer_offsets-8 -> (Leader:0,ISR:0,LeaderEpoch:0,ControllerEpoch:2),__consumer_offsets-37 -> (Leader:0,ISR:0,LeaderEpoch:0,ControllerEpoch:2),__consumer_offsets-4 -> (Leader:0,ISR:0,LeaderEpoch:0,ControllerEpoch:2),__consumer_offsets-33 -> (Leader:0,ISR:0,LeaderEpoch:0,ControllerEpoch:2),__consumer_offsets-15 -> (Leader:0,ISR:0,LeaderEpoch:0,ControllerEpoch:2),__consumer_offsets-48 -> (Leader:0,ISR:0,LeaderEpoch:0,ControllerEpoch:2),new-schedule-0 -> (Leader:0,ISR:0,LeaderEpoch:0,ControllerEpoch:2),__consumer_offsets-11 -> (Leader:0,ISR:0,LeaderEpoch:0,ControllerEpoch:2),__consumer_offsets-44 -> (Leader:0,ISR:0,LeaderEpoch:0,ControllerEpoch:2),__consumer_offsets-23 -> (Leader:0,ISR:0,LeaderEpoch:0,ControllerEpoch:2),__consumer_offsets-19 -> (Leader:0,ISR:0,LeaderEpoch:0,ControllerEpoch:2),__consumer_offsets-32 -> (Leader:0,ISR:0,LeaderEpoch:0,ControllerEpoch:2),train_event_generator-__assignor-__leader-0 -> (Leader:0,ISR:0,LeaderEpoch:0,ControllerEpoch:2),__consumer_offsets-28 -> (Leader:0,ISR:0,LeaderEpoch:0,ControllerEpoch:2),__consumer_offsets-7 -> (Leader:0,ISR:0,LeaderEpoch:0,ControllerEpoch:2),__consumer_offsets-40 -> (Leader:0,ISR:0,LeaderEpoch:0,ControllerEpoch:2),train-status-0 -> (Leader:0,ISR:0,LeaderEpoch:0,ControllerEpoch:2),__consumer_offsets-3 -> (Leader:0,ISR:0,LeaderEpoch:0,ControllerEpoch:2),__consumer_offsets-36 -> (Leader:0,ISR:0,LeaderEpoch:0,ControllerEpoch:2),__consumer_offsets-47 -> (Leader:0,ISR:0,LeaderEpoch:0,ControllerEpoch:2),__consumer_offsets-14 -> (Leader:0,ISR:0,LeaderEpoch:0,ControllerEpoch:2),__consumer_offsets-43 -> (Leader:0,ISR:0,LeaderEpoch:0,ControllerEpoch:2),__consumer_offsets-10 -> (Leader:0,ISR:0,LeaderEpoch:0,ControllerEpoch:2),__consumer_offsets-22 -> (Leader:0,ISR:0,LeaderEpoch:0,ControllerEpoch:2),__consumer_offsets-18 -> (Leader:0,ISR:0,LeaderEpoch:0,ControllerEpoch:2),__consumer_offsets-31 -> (Leader:0,ISR:0,LeaderEpoch:0,ControllerEpoch:2),__consumer_offsets-27 -> (Leader:0,ISR:0,LeaderEpoch:0,ControllerEpoch:2),__consumer_offsets-39 -> (Leader:0,ISR:0,LeaderEpoch:0,ControllerEpoch:2),__consumer_offsets-6 -> (Leader:0,ISR:0,LeaderEpoch:0,ControllerEpoch:2),__consumer_offsets-35 -> (Leader:0,ISR:0,LeaderEpoch:0,ControllerEpoch:2),__consumer_offsets-2 -> (Leader:0,ISR:0,LeaderEpoch:0,ControllerEpoch:2) (kafka.controller.KafkaController)
[2020-12-27 18:29:04,682] INFO [ControllerEventThread controllerId=0] Shutting down (kafka.controller.ControllerEventManager$ControllerEventThread)
[2020-12-27 18:29:04,683] INFO [ControllerEventThread controllerId=0] Stopped (kafka.controller.ControllerEventManager$ControllerEventThread)
[2020-12-27 18:29:04,683] INFO [ControllerEventThread controllerId=0] Shutdown completed (kafka.controller.ControllerEventManager$ControllerEventThread)
[2020-12-27 18:29:04,683] DEBUG [Controller id=0] Resigning (kafka.controller.KafkaController)
[2020-12-27 18:29:04,683] DEBUG [Controller id=0] Unregister BrokerModifications handler for Set(0) (kafka.controller.KafkaController)
[2020-12-27 18:29:04,684] INFO [PartitionStateMachine controllerId=0] Stopped partition state machine (kafka.controller.ZkPartitionStateMachine)
[2020-12-27 18:29:04,685] INFO [ReplicaStateMachine controllerId=0] Stopped replica state machine (kafka.controller.ZkReplicaStateMachine)
[2020-12-27 18:29:04,685] INFO [RequestSendThread controllerId=0] Shutting down (kafka.controller.RequestSendThread)
[2020-12-27 18:29:04,685] INFO [RequestSendThread controllerId=0] Stopped (kafka.controller.RequestSendThread)
[2020-12-27 18:29:04,685] INFO [RequestSendThread controllerId=0] Shutdown completed (kafka.controller.RequestSendThread)
[2020-12-27 18:29:04,690] INFO [Controller id=0] Resigned (kafka.controller.KafkaController)
