[2020-12-27 18:00:03,170] INFO [GroupCoordinator 0]: Member[group.instance.id None, member.id faust-1.10.4-7977fe00-0800-4194-9e18-8560094d2317] in group train_event_generator has left, removing it from the group (kafka.coordinator.group.GroupCoordinator)
[2020-12-27 18:00:03,171] INFO [GroupCoordinator 0]: Preparing to rebalance group train_event_generator in state PreparingRebalance with old generation 4 (__consumer_offsets-13) (reason: removing member faust-1.10.4-7977fe00-0800-4194-9e18-8560094d2317 on LeaveGroup) (kafka.coordinator.group.GroupCoordinator)
[2020-12-27 18:00:06,174] INFO [GroupCoordinator 0]: Stabilized group train_event_generator generation 5 (__consumer_offsets-13) (kafka.coordinator.group.GroupCoordinator)
[2020-12-27 18:00:06,176] INFO [GroupCoordinator 0]: Assignment received from leader for group train_event_generator for generation 5 (kafka.coordinator.group.GroupCoordinator)
[2020-12-27 18:00:12,547] INFO [GroupCoordinator 0]: Dynamic Member with unknown member id joins group train_event_generator in Stable state. Created a new member id faust-1.10.4-a45faf2d-d761-41f5-a4e4-f59c0b48c2f9 for this member and add to the group. (kafka.coordinator.group.GroupCoordinator)
[2020-12-27 18:00:12,547] INFO [GroupCoordinator 0]: Preparing to rebalance group train_event_generator in state PreparingRebalance with old generation 5 (__consumer_offsets-13) (reason: Adding new member faust-1.10.4-a45faf2d-d761-41f5-a4e4-f59c0b48c2f9 with group instance id None) (kafka.coordinator.group.GroupCoordinator)
[2020-12-27 18:00:15,192] INFO [GroupCoordinator 0]: Stabilized group train_event_generator generation 6 (__consumer_offsets-13) (kafka.coordinator.group.GroupCoordinator)
[2020-12-27 18:00:15,194] INFO [GroupCoordinator 0]: Assignment received from leader for group train_event_generator for generation 6 (kafka.coordinator.group.GroupCoordinator)
[2020-12-27 18:00:25,210] INFO [GroupCoordinator 0]: Member[group.instance.id None, member.id faust-1.10.4-a45faf2d-d761-41f5-a4e4-f59c0b48c2f9] in group train_event_generator has left, removing it from the group (kafka.coordinator.group.GroupCoordinator)
[2020-12-27 18:00:25,210] INFO [GroupCoordinator 0]: Preparing to rebalance group train_event_generator in state PreparingRebalance with old generation 6 (__consumer_offsets-13) (reason: removing member faust-1.10.4-a45faf2d-d761-41f5-a4e4-f59c0b48c2f9 on LeaveGroup) (kafka.coordinator.group.GroupCoordinator)
[2020-12-27 18:00:27,208] INFO [GroupCoordinator 0]: Stabilized group train_event_generator generation 7 (__consumer_offsets-13) (kafka.coordinator.group.GroupCoordinator)
[2020-12-27 18:00:27,210] INFO [GroupCoordinator 0]: Assignment received from leader for group train_event_generator for generation 7 (kafka.coordinator.group.GroupCoordinator)
[2020-12-27 18:01:03,400] INFO [GroupCoordinator 0]: Dynamic Member with unknown member id joins group train_event_generator in Stable state. Created a new member id faust-1.10.4-1a6a22e0-dba4-46db-82f1-4033b65c8474 for this member and add to the group. (kafka.coordinator.group.GroupCoordinator)
[2020-12-27 18:01:03,413] INFO [GroupCoordinator 0]: Preparing to rebalance group train_event_generator in state PreparingRebalance with old generation 7 (__consumer_offsets-13) (reason: Adding new member faust-1.10.4-1a6a22e0-dba4-46db-82f1-4033b65c8474 with group instance id None) (kafka.coordinator.group.GroupCoordinator)
[2020-12-27 18:01:06,250] INFO [GroupCoordinator 0]: Stabilized group train_event_generator generation 8 (__consumer_offsets-13) (kafka.coordinator.group.GroupCoordinator)
[2020-12-27 18:01:06,252] INFO [GroupCoordinator 0]: Assignment received from leader for group train_event_generator for generation 8 (kafka.coordinator.group.GroupCoordinator)
[2020-12-27 18:01:32,882] INFO [GroupCoordinator 0]: Member[group.instance.id None, member.id faust-1.10.4-79942519-edbe-4b39-aa02-00e65d9f3420] in group train_event_generator has left, removing it from the group (kafka.coordinator.group.GroupCoordinator)
[2020-12-27 18:01:32,884] INFO [GroupCoordinator 0]: Preparing to rebalance group train_event_generator in state PreparingRebalance with old generation 8 (__consumer_offsets-13) (reason: removing member faust-1.10.4-79942519-edbe-4b39-aa02-00e65d9f3420 on LeaveGroup) (kafka.coordinator.group.GroupCoordinator)
[2020-12-27 18:01:33,286] INFO [GroupCoordinator 0]: Stabilized group train_event_generator generation 9 (__consumer_offsets-13) (kafka.coordinator.group.GroupCoordinator)
[2020-12-27 18:01:33,354] INFO [GroupCoordinator 0]: Assignment received from leader for group train_event_generator for generation 9 (kafka.coordinator.group.GroupCoordinator)
[2020-12-27 18:01:36,739] INFO [GroupCoordinator 0]: Dynamic Member with unknown member id joins group train_event_generator in Stable state. Created a new member id faust-1.10.4-0e69493c-86a9-4f37-aedf-a99c318ec3fe for this member and add to the group. (kafka.coordinator.group.GroupCoordinator)
[2020-12-27 18:01:36,759] INFO [GroupCoordinator 0]: Preparing to rebalance group train_event_generator in state PreparingRebalance with old generation 9 (__consumer_offsets-13) (reason: Adding new member faust-1.10.4-0e69493c-86a9-4f37-aedf-a99c318ec3fe with group instance id None) (kafka.coordinator.group.GroupCoordinator)
[2020-12-27 18:01:39,369] INFO [GroupCoordinator 0]: Stabilized group train_event_generator generation 10 (__consumer_offsets-13) (kafka.coordinator.group.GroupCoordinator)
[2020-12-27 18:01:39,374] INFO [GroupCoordinator 0]: Assignment received from leader for group train_event_generator for generation 10 (kafka.coordinator.group.GroupCoordinator)
[2020-12-27 18:08:47,055] INFO [GroupMetadataManager brokerId=0] Removed 0 expired offsets in 0 milliseconds. (kafka.coordinator.group.GroupMetadataManager)
[2020-12-27 18:18:47,054] INFO [GroupMetadataManager brokerId=0] Removed 0 expired offsets in 0 milliseconds. (kafka.coordinator.group.GroupMetadataManager)
[2020-12-27 18:28:30,079] INFO [GroupCoordinator 0]: Member[group.instance.id None, member.id faust-1.10.4-0e69493c-86a9-4f37-aedf-a99c318ec3fe] in group train_event_generator has left, removing it from the group (kafka.coordinator.group.GroupCoordinator)
[2020-12-27 18:28:30,079] INFO [GroupCoordinator 0]: Preparing to rebalance group train_event_generator in state PreparingRebalance with old generation 10 (__consumer_offsets-13) (reason: removing member faust-1.10.4-0e69493c-86a9-4f37-aedf-a99c318ec3fe on LeaveGroup) (kafka.coordinator.group.GroupCoordinator)
[2020-12-27 18:28:31,770] INFO [GroupCoordinator 0]: Stabilized group train_event_generator generation 11 (__consumer_offsets-13) (kafka.coordinator.group.GroupCoordinator)
[2020-12-27 18:28:31,772] INFO [GroupCoordinator 0]: Assignment received from leader for group train_event_generator for generation 11 (kafka.coordinator.group.GroupCoordinator)
[2020-12-27 18:28:33,486] INFO [GroupCoordinator 0]: Member[group.instance.id None, member.id faust-1.10.4-1a6a22e0-dba4-46db-82f1-4033b65c8474] in group train_event_generator has left, removing it from the group (kafka.coordinator.group.GroupCoordinator)
[2020-12-27 18:28:33,487] INFO [GroupCoordinator 0]: Preparing to rebalance group train_event_generator in state PreparingRebalance with old generation 11 (__consumer_offsets-13) (reason: removing member faust-1.10.4-1a6a22e0-dba4-46db-82f1-4033b65c8474 on LeaveGroup) (kafka.coordinator.group.GroupCoordinator)
[2020-12-27 18:28:33,487] INFO [GroupCoordinator 0]: Group train_event_generator with generation 12 is now empty (__consumer_offsets-13) (kafka.coordinator.group.GroupCoordinator)
[2020-12-27 18:28:47,051] INFO [GroupMetadataManager brokerId=0] Removed 0 expired offsets in 0 milliseconds. (kafka.coordinator.group.GroupMetadataManager)
[2020-12-27 18:29:02,832] INFO Terminating process due to signal SIGINT (org.apache.kafka.common.utils.LoggingSignalHandler)
[2020-12-27 18:29:02,833] INFO [KafkaServer id=0] shutting down (kafka.server.KafkaServer)
[2020-12-27 18:29:02,833] INFO [KafkaServer id=0] Starting controlled shutdown (kafka.server.KafkaServer)
[2020-12-27 18:29:02,863] INFO [KafkaServer id=0] Controlled shutdown succeeded (kafka.server.KafkaServer)
[2020-12-27 18:29:02,865] INFO [/config/changes-event-process-thread]: Shutting down (kafka.common.ZkNodeChangeNotificationListener$ChangeEventProcessThread)
[2020-12-27 18:29:02,866] INFO [/config/changes-event-process-thread]: Stopped (kafka.common.ZkNodeChangeNotificationListener$ChangeEventProcessThread)
[2020-12-27 18:29:02,866] INFO [/config/changes-event-process-thread]: Shutdown completed (kafka.common.ZkNodeChangeNotificationListener$ChangeEventProcessThread)
[2020-12-27 18:29:02,866] INFO [SocketServer brokerId=0] Stopping socket server request processors (kafka.network.SocketServer)
[2020-12-27 18:29:02,869] INFO [SocketServer brokerId=0] Stopped socket server request processors (kafka.network.SocketServer)
[2020-12-27 18:29:02,870] INFO [data-plane Kafka Request Handler on Broker 0], shutting down (kafka.server.KafkaRequestHandlerPool)
[2020-12-27 18:29:02,871] INFO [data-plane Kafka Request Handler on Broker 0], shut down completely (kafka.server.KafkaRequestHandlerPool)
[2020-12-27 18:29:02,872] INFO [ExpirationReaper-0-AlterAcls]: Shutting down (kafka.server.DelayedOperationPurgatory$ExpiredOperationReaper)
[2020-12-27 18:29:02,926] INFO [ExpirationReaper-0-AlterAcls]: Stopped (kafka.server.DelayedOperationPurgatory$ExpiredOperationReaper)
[2020-12-27 18:29:02,926] INFO [ExpirationReaper-0-AlterAcls]: Shutdown completed (kafka.server.DelayedOperationPurgatory$ExpiredOperationReaper)
[2020-12-27 18:29:02,927] INFO [KafkaApi-0] Shutdown complete. (kafka.server.KafkaApis)
[2020-12-27 18:29:02,928] INFO [ExpirationReaper-0-topic]: Shutting down (kafka.server.DelayedOperationPurgatory$ExpiredOperationReaper)
[2020-12-27 18:29:03,078] INFO [ExpirationReaper-0-topic]: Stopped (kafka.server.DelayedOperationPurgatory$ExpiredOperationReaper)
[2020-12-27 18:29:03,078] INFO [ExpirationReaper-0-topic]: Shutdown completed (kafka.server.DelayedOperationPurgatory$ExpiredOperationReaper)
[2020-12-27 18:29:03,079] INFO [TransactionCoordinator id=0] Shutting down. (kafka.coordinator.transaction.TransactionCoordinator)
[2020-12-27 18:29:03,079] INFO [ProducerId Manager 0]: Shutdown complete: last producerId assigned 1000 (kafka.coordinator.transaction.ProducerIdManager)
[2020-12-27 18:29:03,080] INFO [Transaction State Manager 0]: Shutdown complete (kafka.coordinator.transaction.TransactionStateManager)
[2020-12-27 18:29:03,080] INFO [Transaction Marker Channel Manager 0]: Shutting down (kafka.coordinator.transaction.TransactionMarkerChannelManager)
[2020-12-27 18:29:03,080] INFO [Transaction Marker Channel Manager 0]: Stopped (kafka.coordinator.transaction.TransactionMarkerChannelManager)
[2020-12-27 18:29:03,080] INFO [Transaction Marker Channel Manager 0]: Shutdown completed (kafka.coordinator.transaction.TransactionMarkerChannelManager)
[2020-12-27 18:29:03,080] INFO [TransactionCoordinator id=0] Shutdown complete. (kafka.coordinator.transaction.TransactionCoordinator)
[2020-12-27 18:29:03,080] INFO [GroupCoordinator 0]: Shutting down. (kafka.coordinator.group.GroupCoordinator)
[2020-12-27 18:29:03,080] INFO [ExpirationReaper-0-Heartbeat]: Shutting down (kafka.server.DelayedOperationPurgatory$ExpiredOperationReaper)
[2020-12-27 18:29:03,142] INFO [ExpirationReaper-0-Heartbeat]: Stopped (kafka.server.DelayedOperationPurgatory$ExpiredOperationReaper)
[2020-12-27 18:29:03,142] INFO [ExpirationReaper-0-Heartbeat]: Shutdown completed (kafka.server.DelayedOperationPurgatory$ExpiredOperationReaper)
[2020-12-27 18:29:03,142] INFO [ExpirationReaper-0-Rebalance]: Shutting down (kafka.server.DelayedOperationPurgatory$ExpiredOperationReaper)
[2020-12-27 18:29:03,243] INFO [ExpirationReaper-0-Rebalance]: Stopped (kafka.server.DelayedOperationPurgatory$ExpiredOperationReaper)
[2020-12-27 18:29:03,243] INFO [ExpirationReaper-0-Rebalance]: Shutdown completed (kafka.server.DelayedOperationPurgatory$ExpiredOperationReaper)
[2020-12-27 18:29:03,244] INFO [GroupCoordinator 0]: Shutdown complete. (kafka.coordinator.group.GroupCoordinator)
[2020-12-27 18:29:03,244] INFO [ReplicaManager broker=0] Shutting down (kafka.server.ReplicaManager)
[2020-12-27 18:29:03,244] INFO [LogDirFailureHandler]: Shutting down (kafka.server.ReplicaManager$LogDirFailureHandler)
[2020-12-27 18:29:03,244] INFO [LogDirFailureHandler]: Stopped (kafka.server.ReplicaManager$LogDirFailureHandler)
[2020-12-27 18:29:03,244] INFO [LogDirFailureHandler]: Shutdown completed (kafka.server.ReplicaManager$LogDirFailureHandler)
[2020-12-27 18:29:03,245] INFO [ReplicaFetcherManager on broker 0] shutting down (kafka.server.ReplicaFetcherManager)
[2020-12-27 18:29:03,245] INFO [ReplicaFetcherManager on broker 0] shutdown completed (kafka.server.ReplicaFetcherManager)
[2020-12-27 18:29:03,245] INFO [ReplicaAlterLogDirsManager on broker 0] shutting down (kafka.server.ReplicaAlterLogDirsManager)
[2020-12-27 18:29:03,246] INFO [ReplicaAlterLogDirsManager on broker 0] shutdown completed (kafka.server.ReplicaAlterLogDirsManager)
[2020-12-27 18:29:03,246] INFO [ExpirationReaper-0-Fetch]: Shutting down (kafka.server.DelayedOperationPurgatory$ExpiredOperationReaper)
[2020-12-27 18:29:03,336] INFO [ExpirationReaper-0-Fetch]: Stopped (kafka.server.DelayedOperationPurgatory$ExpiredOperationReaper)
[2020-12-27 18:29:03,336] INFO [ExpirationReaper-0-Fetch]: Shutdown completed (kafka.server.DelayedOperationPurgatory$ExpiredOperationReaper)
[2020-12-27 18:29:03,336] INFO [ExpirationReaper-0-Produce]: Shutting down (kafka.server.DelayedOperationPurgatory$ExpiredOperationReaper)
[2020-12-27 18:29:03,540] INFO [ExpirationReaper-0-Produce]: Stopped (kafka.server.DelayedOperationPurgatory$ExpiredOperationReaper)
[2020-12-27 18:29:03,540] INFO [ExpirationReaper-0-Produce]: Shutdown completed (kafka.server.DelayedOperationPurgatory$ExpiredOperationReaper)
[2020-12-27 18:29:03,540] INFO [ExpirationReaper-0-DeleteRecords]: Shutting down (kafka.server.DelayedOperationPurgatory$ExpiredOperationReaper)
[2020-12-27 18:29:03,741] INFO [ExpirationReaper-0-DeleteRecords]: Stopped (kafka.server.DelayedOperationPurgatory$ExpiredOperationReaper)
[2020-12-27 18:29:03,741] INFO [ExpirationReaper-0-DeleteRecords]: Shutdown completed (kafka.server.DelayedOperationPurgatory$ExpiredOperationReaper)
[2020-12-27 18:29:03,741] INFO [ExpirationReaper-0-ElectLeader]: Shutting down (kafka.server.DelayedOperationPurgatory$ExpiredOperationReaper)
[2020-12-27 18:29:03,816] INFO [ExpirationReaper-0-ElectLeader]: Stopped (kafka.server.DelayedOperationPurgatory$ExpiredOperationReaper)
[2020-12-27 18:29:03,816] INFO [ExpirationReaper-0-ElectLeader]: Shutdown completed (kafka.server.DelayedOperationPurgatory$ExpiredOperationReaper)
[2020-12-27 18:29:03,829] INFO [ReplicaManager broker=0] Shut down completely (kafka.server.ReplicaManager)
[2020-12-27 18:29:03,829] INFO Shutting down. (kafka.log.LogManager)
[2020-12-27 18:29:03,901] INFO [ProducerStateManager partition=__consumer_offsets-13] Writing producer snapshot at offset 865 (kafka.log.ProducerStateManager)
[2020-12-27 18:29:04,197] INFO [ProducerStateManager partition=train-status-0] Writing producer snapshot at offset 1333 (kafka.log.ProducerStateManager)
[2020-12-27 18:29:04,461] INFO [ProducerStateManager partition=new-schedule-0] Writing producer snapshot at offset 268 (kafka.log.ProducerStateManager)
[2020-12-27 18:29:04,682] INFO Shutdown complete. (kafka.log.LogManager)
[2020-12-27 18:29:04,690] INFO [ZooKeeperClient Kafka server] Closing. (kafka.zookeeper.ZooKeeperClient)
[2020-12-27 18:29:04,799] INFO EventThread shut down for session: 0x10003bc574a0000 (org.apache.zookeeper.ClientCnxn)
[2020-12-27 18:29:04,799] INFO Session: 0x10003bc574a0000 closed (org.apache.zookeeper.ZooKeeper)
[2020-12-27 18:29:04,800] INFO [ZooKeeperClient Kafka server] Closed. (kafka.zookeeper.ZooKeeperClient)
[2020-12-27 18:29:04,803] INFO [ThrottledChannelReaper-Fetch]: Shutting down (kafka.server.ClientQuotaManager$ThrottledChannelReaper)
[2020-12-27 18:29:05,421] INFO [ThrottledChannelReaper-Fetch]: Stopped (kafka.server.ClientQuotaManager$ThrottledChannelReaper)
[2020-12-27 18:29:05,421] INFO [ThrottledChannelReaper-Fetch]: Shutdown completed (kafka.server.ClientQuotaManager$ThrottledChannelReaper)
[2020-12-27 18:29:05,421] INFO [ThrottledChannelReaper-Produce]: Shutting down (kafka.server.ClientQuotaManager$ThrottledChannelReaper)
[2020-12-27 18:29:06,421] INFO [ThrottledChannelReaper-Produce]: Stopped (kafka.server.ClientQuotaManager$ThrottledChannelReaper)
[2020-12-27 18:29:06,421] INFO [ThrottledChannelReaper-Produce]: Shutdown completed (kafka.server.ClientQuotaManager$ThrottledChannelReaper)
[2020-12-27 18:29:06,421] INFO [ThrottledChannelReaper-Request]: Shutting down (kafka.server.ClientQuotaManager$ThrottledChannelReaper)
[2020-12-27 18:29:07,397] INFO [ThrottledChannelReaper-Request]: Stopped (kafka.server.ClientQuotaManager$ThrottledChannelReaper)
[2020-12-27 18:29:07,397] INFO [ThrottledChannelReaper-Request]: Shutdown completed (kafka.server.ClientQuotaManager$ThrottledChannelReaper)
[2020-12-27 18:29:07,397] INFO [SocketServer brokerId=0] Shutting down socket server (kafka.network.SocketServer)
[2020-12-27 18:29:07,408] INFO [SocketServer brokerId=0] Shutdown completed (kafka.network.SocketServer)
[2020-12-27 18:29:07,410] INFO [KafkaServer id=0] shut down completed (kafka.server.KafkaServer)
